<?xml version="1.0" encoding="UTF-8"?>
<!-- Generated by org.testng.reporters.JUnitReportReporter -->
<testsuite hostname="LAPTOP-J15UI2E7" failures="0" tests="1" name="functionaljava8.HandlingStateElementwithFunctionInterface" time="20.163" errors="0" timestamp="2022-02-20T12:47:32 IST" skipped="0">
  <testcase classname="functionaljava8.HandlingStateElementwithFunctionInterface" name="handleStaleElementwithFunctionInterface" time="20.163"/>
  <system-out/>
</testsuite> <!-- functionaljava8.HandlingStateElementwithFunctionInterface -->
